[2023-09-22 23:32:22] local.ERROR: Error de prueba at C:\xampp\htdocs\supermercado\app\utiles\cache.php:42
Stack trace:
#0 C:\xampp\htdocs\supermercado\app\controladores\PruebaControlador.php(10): App\Utiles\Cache::obtener('clientes')
#1 {main}

[2023-09-28 07:22:45] local.ERROR: No database selected at C:\xampp\htdocs\supermercado\app\modelos\autenticacion.php:18
Stack trace:
#0 C:\xampp\htdocs\supermercado\app\modelos\autenticacion.php(18): mysqli_query(Object(mysqli), 'SELECT * FROM u...')
#1 C:\xampp\htdocs\supermercado\app\controladores\AutenticarControlador.php(32): App\Modelos\Autenticacion->autenticar(Array)
#2 {main}

[2023-09-28 07:33:51] local.ERROR: You have an error in your SQL syntax; check the manual that corresponds to your MariaDB server version for the right syntax to use near '' at line 1 at C:\xampp\htdocs\supermercado\app\modelos\Autenticacion.php:18
Stack trace:
#0 C:\xampp\htdocs\supermercado\app\modelos\Autenticacion.php(18): mysqli_query(Object(mysqli), 'SELECT idUsuari...')
#1 C:\xampp\htdocs\supermercado\app\controladores\AutenticarControlador.php(32): App\Modelos\Autenticacion->autenticar(Array)
#2 {main}

[2023-09-28 07:36:41] local.ERROR: You have an error in your SQL syntax; check the manual that corresponds to your MariaDB server version for the right syntax to use near '޸?ϙ' AND status = 1' at line 1 at C:\xampp\htdocs\supermercado\app\modelos\Autenticacion.php:18
Stack trace:
#0 C:\xampp\htdocs\supermercado\app\modelos\Autenticacion.php(18): mysqli_query(Object(mysqli), 'SELECT idUsuari...')
#1 C:\xampp\htdocs\supermercado\app\controladores\AutenticarControlador.php(32): App\Modelos\Autenticacion->autenticar(Array)
#2 {main}

[2023-09-28 07:42:58] local.ERROR: You have an error in your SQL syntax; check the manual that corresponds to your MariaDB server version for the right syntax to use near 'h?2??tPe??' AND status = 1' at line 1 at C:\xampp\htdocs\supermercado\app\modelos\Autenticacion.php:18
Stack trace:
#0 C:\xampp\htdocs\supermercado\app\modelos\Autenticacion.php(18): mysqli_query(Object(mysqli), 'SELECT idUsuari...')
#1 C:\xampp\htdocs\supermercado\app\controladores\AutenticarControlador.php(32): App\Modelos\Autenticacion->autenticar(Array)
#2 {main}

[2023-09-28 07:50:36] local.ERROR: You have an error in your SQL syntax; check the manual that corresponds to your MariaDB server version for the right syntax to use near '213dc2571827dfbfc9a6b96565c32474' AND status = 1' at line 1 at C:\xampp\htdocs\supermercado\app\modelos\Autenticacion.php:18
Stack trace:
#0 C:\xampp\htdocs\supermercado\app\modelos\Autenticacion.php(18): mysqli_query(Object(mysqli), 'SELECT idUsuari...')
#1 C:\xampp\htdocs\supermercado\app\controladores\AutenticarControlador.php(32): App\Modelos\Autenticacion->autenticar(Array)
#2 {main}

[2023-09-28 08:00:20] local.ERROR: You have an error in your SQL syntax; check the manual that corresponds to your MariaDB server version for the right syntax to use near '--''' at line 1 at C:\xampp\htdocs\supermercado\app\modelos\Autenticacion.php:18
Stack trace:
#0 C:\xampp\htdocs\supermercado\app\modelos\Autenticacion.php(18): mysqli_query(Object(mysqli), 'SELECT idUsuari...')
#1 C:\xampp\htdocs\supermercado\app\controladores\AutenticarControlador.php(32): App\Modelos\Autenticacion->autenticar(Array)
#2 {main}

[2023-09-28 08:02:24] local.ERROR: You have an error in your SQL syntax; check the manual that corresponds to your MariaDB server version for the right syntax to use near '--''' at line 1 at C:\xampp\htdocs\supermercado\app\modelos\Autenticacion.php:18
Stack trace:
#0 C:\xampp\htdocs\supermercado\app\modelos\Autenticacion.php(18): mysqli_query(Object(mysqli), 'SELECT idUsuari...')
#1 C:\xampp\htdocs\supermercado\app\controladores\AutenticarControlador.php(32): App\Modelos\Autenticacion->autenticar(Array)
#2 {main}

[2023-09-28 08:03:20] local.ERROR: You have an error in your SQL syntax; check the manual that corresponds to your MariaDB server version for the right syntax to use near '--'' at line 1 at C:\xampp\htdocs\supermercado\app\modelos\Autenticacion.php:18
Stack trace:
#0 C:\xampp\htdocs\supermercado\app\modelos\Autenticacion.php(18): mysqli_query(Object(mysqli), 'SELECT idUsuari...')
#1 C:\xampp\htdocs\supermercado\app\controladores\AutenticarControlador.php(32): App\Modelos\Autenticacion->autenticar(Array)
#2 {main}

[2023-09-28 08:06:57] local.ERROR: You have an error in your SQL syntax; check the manual that corresponds to your MariaDB server version for the right syntax to use near '--' AND clave = 'ascasc'' at line 1 at C:\xampp\htdocs\supermercado\app\modelos\Autenticacion.php:18
Stack trace:
#0 C:\xampp\htdocs\supermercado\app\modelos\Autenticacion.php(18): mysqli_query(Object(mysqli), 'SELECT idUsuari...')
#1 C:\xampp\htdocs\supermercado\app\controladores\AutenticarControlador.php(32): App\Modelos\Autenticacion->autenticar(Array)
#2 {main}

